[INFO] Scanning for projects...
[INFO] 
[INFO] --------------------< com.example:shipping-service >--------------------
[INFO] Building Shipping Service 1.0.0-SNAPSHOT
[INFO]   from pom.xml
[INFO] --------------------------------[ jar ]---------------------------------
[INFO] 
[INFO] >>> spring-boot:3.5.14:run (default-cli) > test-compile @ shipping-service >>>
[INFO] 
[INFO] --- resources:3.3.1:resources (default-resources) @ shipping-service ---
[INFO] Copying 2 resources from src/main/resources to target/classes
[INFO] Copying 0 resource from src/main/resources to target/classes
[INFO] 
[INFO] --- compiler:3.14.1:compile (default-compile) @ shipping-service ---
[INFO] Nothing to compile - all classes are up to date.
[INFO] 
[INFO] --- resources:3.3.1:testResources (default-testResources) @ shipping-service ---
[INFO] skip non existing resourceDirectory /home/bemnet-zola/Desktop/mini/shipping-service/src/test/resources
[INFO] 
[INFO] --- compiler:3.14.1:testCompile (default-testCompile) @ shipping-service ---
[INFO] No sources to compile
[INFO] 
[INFO] <<< spring-boot:3.5.14:run (default-cli) < test-compile @ shipping-service <<<
[INFO] 
[INFO] 
[INFO] --- spring-boot:3.5.14:run (default-cli) @ shipping-service ---
[INFO] Attaching agents: []

  .   ____          _            __ _ _
 /\\ / ___'_ __ _ _(_)_ __  __ _ \ \ \ \
( ( )\___ | '_ | '_| | '_ \/ _` | \ \ \ \
 \\/  ___)| |_)| | | | | || (_| |  ) ) ) )
  '  |____| .__|_| |_|_| |_\__, | / / / /
 =========|_|==============|___/=/_/_/_/

 :: Spring Boot ::               (v3.5.14)

2026-05-17T11:45:05.038+03:00  INFO 18212 --- [shipping-service] [           main] c.example.shipping.ShippingApplication   : Starting ShippingApplication using Java 21.0.10 with PID 18212 (/home/bemnet-zola/Desktop/mini/shipping-service/target/classes started by bemnet-zola in /home/bemnet-zola/Desktop/mini/shipping-service)
2026-05-17T11:45:05.129+03:00  INFO 18212 --- [shipping-service] [           main] c.example.shipping.ShippingApplication   : No active profile set, falling back to 1 default profile: "default"
2026-05-17T11:45:09.939+03:00  INFO 18212 --- [shipping-service] [           main] .s.d.r.c.RepositoryConfigurationDelegate : Bootstrapping Spring Data JPA repositories in DEFAULT mode.
2026-05-17T11:45:10.140+03:00  INFO 18212 --- [shipping-service] [           main] .s.d.r.c.RepositoryConfigurationDelegate : Finished Spring Data repository scanning in 179 ms. Found 1 JPA repository interface.
2026-05-17T11:45:12.439+03:00  INFO 18212 --- [shipping-service] [           main] o.s.b.w.embedded.tomcat.TomcatWebServer  : Tomcat initialized with port 8085 (http)
2026-05-17T11:45:12.520+03:00  INFO 18212 --- [shipping-service] [           main] o.apache.catalina.core.StandardService   : Starting service [Tomcat]
2026-05-17T11:45:12.523+03:00  INFO 18212 --- [shipping-service] [           main] o.apache.catalina.core.StandardEngine    : Starting Servlet engine: [Apache Tomcat/10.1.54]
2026-05-17T11:45:12.767+03:00  INFO 18212 --- [shipping-service] [           main] o.a.c.c.C.[Tomcat].[localhost].[/]       : Initializing Spring embedded WebApplicationContext
2026-05-17T11:45:12.769+03:00  INFO 18212 --- [shipping-service] [           main] w.s.c.ServletWebServerApplicationContext : Root WebApplicationContext: initialization completed in 7140 ms
2026-05-17T11:45:13.642+03:00  INFO 18212 --- [shipping-service] [           main] o.hibernate.jpa.internal.util.LogHelper  : HHH000204: Processing PersistenceUnitInfo [name: default]
2026-05-17T11:45:13.955+03:00  INFO 18212 --- [shipping-service] [           main] org.hibernate.Version                    : HHH000412: Hibernate ORM core version 6.6.49.Final
2026-05-17T11:45:14.081+03:00  INFO 18212 --- [shipping-service] [           main] o.h.c.internal.RegionFactoryInitiator    : HHH000026: Second-level cache disabled
2026-05-17T11:45:15.384+03:00  INFO 18212 --- [shipping-service] [           main] o.s.o.j.p.SpringPersistenceUnitInfo      : No LoadTimeWeaver setup: ignoring JPA class transformer
2026-05-17T11:45:15.459+03:00  INFO 18212 --- [shipping-service] [           main] com.zaxxer.hikari.HikariDataSource       : HikariPool-1 - Starting...
2026-05-17T11:45:15.950+03:00  INFO 18212 --- [shipping-service] [           main] com.zaxxer.hikari.pool.HikariPool        : HikariPool-1 - Added connection conn0: url=jdbc:h2:mem:shippingdb user=SA
2026-05-17T11:45:15.955+03:00  INFO 18212 --- [shipping-service] [           main] com.zaxxer.hikari.HikariDataSource       : HikariPool-1 - Start completed.
2026-05-17T11:45:16.018+03:00  WARN 18212 --- [shipping-service] [           main] org.hibernate.orm.deprecation            : HHH90000025: H2Dialect does not need to be specified explicitly using 'hibernate.dialect' (remove the property setting and it will be selected by default)
2026-05-17T11:45:16.072+03:00  INFO 18212 --- [shipping-service] [           main] org.hibernate.orm.connections.pooling    : HHH10001005: Database info:
	Database JDBC URL [Connecting through datasource 'HikariDataSource (HikariPool-1)']
	Database driver: undefined/unknown
	Database version: 2.3.232
	Autocommit mode: undefined/unknown
	Isolation level: undefined/unknown
	Minimum pool size: undefined/unknown
	Maximum pool size: undefined/unknown
2026-05-17T11:45:18.414+03:00  INFO 18212 --- [shipping-service] [           main] o.h.e.t.j.p.i.JtaPlatformInitiator       : HHH000489: No JTA platform available (set 'hibernate.transaction.jta.platform' to enable JTA platform integration)
2026-05-17T11:45:18.675+03:00  INFO 18212 --- [shipping-service] [           main] j.LocalContainerEntityManagerFactoryBean : Initialized JPA EntityManagerFactory for persistence unit 'default'
2026-05-17T11:45:22.145+03:00  WARN 18212 --- [shipping-service] [           main] JpaBaseConfiguration$JpaWebConfiguration : spring.jpa.open-in-view is enabled by default. Therefore, database queries may be performed during view rendering. Explicitly configure spring.jpa.open-in-view to disable this warning
2026-05-17T11:45:22.235+03:00  INFO 18212 --- [shipping-service] [           main] o.s.v.b.OptionalValidatorFactoryBean     : Failed to set up a Bean Validation provider: jakarta.validation.NoProviderFoundException: Unable to create a Configuration, because no Jakarta Bean Validation provider could be found. Add a provider like Hibernate Validator (RI) to your classpath.
2026-05-17T11:45:23.087+03:00  INFO 18212 --- [shipping-service] [           main] o.s.b.a.h2.H2ConsoleAutoConfiguration    : H2 console available at '/h2-console'. Database available at 'jdbc:h2:mem:shippingdb'
2026-05-17T11:45:23.537+03:00  INFO 18212 --- [shipping-service] [           main] o.s.b.w.embedded.tomcat.TomcatWebServer  : Tomcat started on port 8085 (http) with context path '/'
2026-05-17T11:45:23.553+03:00  INFO 18212 --- [shipping-service] [           main] o.s.a.r.c.CachingConnectionFactory       : Attempting to connect to: [localhost:5672]
2026-05-17T11:45:27.347+03:00  INFO 18212 --- [shipping-service] [           main] o.s.a.r.c.CachingConnectionFactory       : Created new connection: rabbitConnectionFactory#260f05ee:0/SimpleConnection@44b99467 [delegate=amqp://guest@127.0.0.1:5672/, localPort=52000]
2026-05-17T11:45:28.783+03:00  INFO 18212 --- [shipping-service] [           main] c.example.shipping.ShippingApplication   : Started ShippingApplication in 27.64 seconds (process running for 48.631)
